{"/Users/tanisha/WelcomeApp/src/components/CustomButton.js": {"path":"/Users/tanisha/WelcomeApp/src/components/CustomButton.js","statementMap":{"0":{"start":{"line":5,"column":21},"end":{"line":45,"column":1}},"1":{"start":{"line":14,"column":22},"end":{"line":19,"column":3}},"2":{"start":{"line":21,"column":26},"end":{"line":26,"column":3}},"3":{"start":{"line":28,"column":2},"end":{"line":44,"column":4}},"4":{"start":{"line":47,"column":15},"end":{"line":90,"column":2}}},"fnMap":{"0":{"name":"(anonymous_0)","decl":{"start":{"line":5,"column":21},"end":{"line":5,"column":22}},"loc":{"start":{"line":13,"column":6},"end":{"line":45,"column":1}},"line":13}},"branchMap":{"0":{"loc":{"start":{"line":8,"column":2},"end":{"line":8,"column":21}},"type":"default-arg","locations":[{"start":{"line":8,"column":12},"end":{"line":8,"column":21}}],"line":8},"1":{"loc":{"start":{"line":9,"column":2},"end":{"line":9,"column":18}},"type":"default-arg","locations":[{"start":{"line":9,"column":13},"end":{"line":9,"column":18}}],"line":9},"2":{"loc":{"start":{"line":10,"column":2},"end":{"line":10,"column":17}},"type":"default-arg","locations":[{"start":{"line":10,"column":12},"end":{"line":10,"column":17}}],"line":10},"3":{"loc":{"start":{"line":17,"column":4},"end":{"line":17,"column":31}},"type":"binary-expr","locations":[{"start":{"line":17,"column":4},"end":{"line":17,"column":12}},{"start":{"line":17,"column":16},"end":{"line":17,"column":31}}],"line":17},"4":{"loc":{"start":{"line":24,"column":4},"end":{"line":24,"column":35}},"type":"binary-expr","locations":[{"start":{"line":24,"column":4},"end":{"line":24,"column":12}},{"start":{"line":24,"column":16},"end":{"line":24,"column":35}}],"line":24},"5":{"loc":{"start":{"line":32,"column":16},"end":{"line":32,"column":35}},"type":"binary-expr","locations":[{"start":{"line":32,"column":16},"end":{"line":32,"column":24}},{"start":{"line":32,"column":28},"end":{"line":32,"column":35}}],"line":32},"6":{"loc":{"start":{"line":35,"column":7},"end":{"line":42,"column":7}},"type":"cond-expr","locations":[{"start":{"line":36,"column":8},"end":{"line":39,"column":10}},{"start":{"line":41,"column":8},"end":{"line":41,"column":52}}],"line":35},"7":{"loc":{"start":{"line":37,"column":17},"end":{"line":37,"column":98}},"type":"cond-expr","locations":[{"start":{"line":37,"column":41},"end":{"line":37,"column":67}},{"start":{"line":37,"column":70},"end":{"line":37,"column":98}}],"line":37}},"s":{"0":0,"1":0,"2":0,"3":0,"4":0},"f":{"0":0},"b":{"0":[0],"1":[0],"2":[0],"3":[0,0],"4":[0,0],"5":[0,0],"6":[0,0],"7":[0,0]}}
,"/Users/tanisha/WelcomeApp/src/components/CustomInput.js": {"path":"/Users/tanisha/WelcomeApp/src/components/CustomInput.js","statementMap":{"0":{"start":{"line":6,"column":20},"end":{"line":71,"column":1}},"1":{"start":{"line":19,"column":36},"end":{"line":19,"column":51}},"2":{"start":{"line":20,"column":42},"end":{"line":20,"column":57}},"3":{"start":{"line":22,"column":21},"end":{"line":27,"column":3}},"4":{"start":{"line":29,"column":22},"end":{"line":29,"column":46}},"5":{"start":{"line":29,"column":28},"end":{"line":29,"column":46}},"6":{"start":{"line":30,"column":21},"end":{"line":30,"column":46}},"7":{"start":{"line":30,"column":27},"end":{"line":30,"column":46}},"8":{"start":{"line":32,"column":35},"end":{"line":34,"column":3}},"9":{"start":{"line":33,"column":4},"end":{"line":33,"column":35}},"10":{"start":{"line":36,"column":2},"end":{"line":70,"column":4}},"11":{"start":{"line":73,"column":15},"end":{"line":116,"column":2}}},"fnMap":{"0":{"name":"(anonymous_0)","decl":{"start":{"line":6,"column":20},"end":{"line":6,"column":21}},"loc":{"start":{"line":18,"column":6},"end":{"line":71,"column":1}},"line":18},"1":{"name":"(anonymous_1)","decl":{"start":{"line":29,"column":22},"end":{"line":29,"column":23}},"loc":{"start":{"line":29,"column":28},"end":{"line":29,"column":46}},"line":29},"2":{"name":"(anonymous_2)","decl":{"start":{"line":30,"column":21},"end":{"line":30,"column":22}},"loc":{"start":{"line":30,"column":27},"end":{"line":30,"column":46}},"line":30},"3":{"name":"(anonymous_3)","decl":{"start":{"line":32,"column":35},"end":{"line":32,"column":36}},"loc":{"start":{"line":32,"column":41},"end":{"line":34,"column":3}},"line":32}},"branchMap":{"0":{"loc":{"start":{"line":11,"column":2},"end":{"line":11,"column":25}},"type":"default-arg","locations":[{"start":{"line":11,"column":20},"end":{"line":11,"column":25}}],"line":11},"1":{"loc":{"start":{"line":13,"column":2},"end":{"line":13,"column":26}},"type":"default-arg","locations":[{"start":{"line":13,"column":17},"end":{"line":13,"column":26}}],"line":13},"2":{"loc":{"start":{"line":14,"column":2},"end":{"line":14,"column":25}},"type":"default-arg","locations":[{"start":{"line":14,"column":19},"end":{"line":14,"column":25}}],"line":14},"3":{"loc":{"start":{"line":15,"column":2},"end":{"line":15,"column":21}},"type":"default-arg","locations":[{"start":{"line":15,"column":16},"end":{"line":15,"column":21}}],"line":15},"4":{"loc":{"start":{"line":24,"column":4},"end":{"line":24,"column":36}},"type":"binary-expr","locations":[{"start":{"line":24,"column":4},"end":{"line":24,"column":13}},{"start":{"line":24,"column":17},"end":{"line":24,"column":36}}],"line":24},"5":{"loc":{"start":{"line":25,"column":4},"end":{"line":25,"column":30}},"type":"binary-expr","locations":[{"start":{"line":25,"column":4},"end":{"line":25,"column":9}},{"start":{"line":25,"column":13},"end":{"line":25,"column":30}}],"line":25},"6":{"loc":{"start":{"line":38,"column":7},"end":{"line":38,"column":57}},"type":"binary-expr","locations":[{"start":{"line":38,"column":7},"end":{"line":38,"column":12}},{"start":{"line":38,"column":16},"end":{"line":38,"column":57}}],"line":38},"7":{"loc":{"start":{"line":46,"column":27},"end":{"line":46,"column":59}},"type":"binary-expr","locations":[{"start":{"line":46,"column":27},"end":{"line":46,"column":42}},{"start":{"line":46,"column":46},"end":{"line":46,"column":59}}],"line":46},"8":{"loc":{"start":{"line":54,"column":9},"end":{"line":66,"column":9}},"type":"binary-expr","locations":[{"start":{"line":54,"column":9},"end":{"line":54,"column":24}},{"start":{"line":55,"column":10},"end":{"line":65,"column":29}}],"line":54},"9":{"loc":{"start":{"line":61,"column":20},"end":{"line":61,"column":52}},"type":"cond-expr","locations":[{"start":{"line":61,"column":35},"end":{"line":61,"column":44}},{"start":{"line":61,"column":47},"end":{"line":61,"column":52}}],"line":61},"10":{"loc":{"start":{"line":68,"column":7},"end":{"line":68,"column":61}},"type":"binary-expr","locations":[{"start":{"line":68,"column":7},"end":{"line":68,"column":12}},{"start":{"line":68,"column":16},"end":{"line":68,"column":61}}],"line":68}},"s":{"0":1,"1":35,"2":35,"3":35,"4":35,"5":2,"6":35,"7":2,"8":35,"9":2,"10":35,"11":1},"f":{"0":35,"1":2,"2":2,"3":2},"b":{"0":[29],"1":[31],"2":[34],"3":[34],"4":[35,2],"5":[35,2],"6":[35,34],"7":[35,5],"8":[35,5],"9":[1,4],"10":[35,2]},"_coverageSchema":"1a1c01bbd47fc00a2c39e90264f33305004495a9","hash":"c666f59d8f1d6e7dfe1ada723de1cb890ba9910e"}
,"/Users/tanisha/WelcomeApp/src/components/GmailButton.js": {"path":"/Users/tanisha/WelcomeApp/src/components/GmailButton.js","statementMap":{"0":{"start":{"line":6,"column":20},"end":{"line":24,"column":1}},"1":{"start":{"line":7,"column":2},"end":{"line":23,"column":4}},"2":{"start":{"line":26,"column":15},"end":{"line":63,"column":2}}},"fnMap":{"0":{"name":"(anonymous_0)","decl":{"start":{"line":6,"column":20},"end":{"line":6,"column":21}},"loc":{"start":{"line":6,"column":79},"end":{"line":24,"column":1}},"line":6}},"branchMap":{"0":{"loc":{"start":{"line":6,"column":32},"end":{"line":6,"column":47}},"type":"default-arg","locations":[{"start":{"line":6,"column":42},"end":{"line":6,"column":47}}],"line":6},"1":{"loc":{"start":{"line":6,"column":49},"end":{"line":6,"column":65}},"type":"default-arg","locations":[{"start":{"line":6,"column":60},"end":{"line":6,"column":65}}],"line":6},"2":{"loc":{"start":{"line":9,"column":29},"end":{"line":9,"column":56}},"type":"binary-expr","locations":[{"start":{"line":9,"column":29},"end":{"line":9,"column":37}},{"start":{"line":9,"column":41},"end":{"line":9,"column":56}}],"line":9},"3":{"loc":{"start":{"line":11,"column":16},"end":{"line":11,"column":35}},"type":"binary-expr","locations":[{"start":{"line":11,"column":16},"end":{"line":11,"column":24}},{"start":{"line":11,"column":28},"end":{"line":11,"column":35}}],"line":11},"4":{"loc":{"start":{"line":14,"column":7},"end":{"line":21,"column":7}},"type":"cond-expr","locations":[{"start":{"line":15,"column":8},"end":{"line":15,"column":68}},{"start":{"line":17,"column":8},"end":{"line":20,"column":15}}],"line":14}},"s":{"0":0,"1":0,"2":0},"f":{"0":0},"b":{"0":[0],"1":[0],"2":[0,0],"3":[0,0],"4":[0,0]}}
,"/Users/tanisha/WelcomeApp/src/components/forms/AuthErrorDisplay.js": {"path":"/Users/tanisha/WelcomeApp/src/components/forms/AuthErrorDisplay.js","statementMap":{"0":{"start":{"line":5,"column":25},"end":{"line":20,"column":1}},"1":{"start":{"line":11,"column":2},"end":{"line":13,"column":3}},"2":{"start":{"line":12,"column":4},"end":{"line":12,"column":16}},"3":{"start":{"line":15,"column":2},"end":{"line":19,"column":4}},"4":{"start":{"line":22,"column":15},"end":{"line":37,"column":2}}},"fnMap":{"0":{"name":"(anonymous_0)","decl":{"start":{"line":5,"column":25},"end":{"line":5,"column":26}},"loc":{"start":{"line":10,"column":6},"end":{"line":20,"column":1}},"line":10}},"branchMap":{"0":{"loc":{"start":{"line":11,"column":2},"end":{"line":13,"column":3}},"type":"if","locations":[{"start":{"line":11,"column":2},"end":{"line":13,"column":3}},{"start":{},"end":{}}],"line":11}},"s":{"0":0,"1":0,"2":0,"3":0,"4":0},"f":{"0":0},"b":{"0":[0,0]}}
,"/Users/tanisha/WelcomeApp/src/components/forms/FormDivider.js": {"path":"/Users/tanisha/WelcomeApp/src/components/forms/FormDivider.js","statementMap":{"0":{"start":{"line":5,"column":20},"end":{"line":18,"column":1}},"1":{"start":{"line":11,"column":2},"end":{"line":17,"column":4}},"2":{"start":{"line":20,"column":15},"end":{"line":36,"column":2}}},"fnMap":{"0":{"name":"(anonymous_0)","decl":{"start":{"line":5,"column":20},"end":{"line":5,"column":21}},"loc":{"start":{"line":10,"column":6},"end":{"line":18,"column":1}},"line":10}},"branchMap":{"0":{"loc":{"start":{"line":6,"column":2},"end":{"line":6,"column":13}},"type":"default-arg","locations":[{"start":{"line":6,"column":9},"end":{"line":6,"column":13}}],"line":6}},"s":{"0":0,"1":0,"2":0},"f":{"0":0},"b":{"0":[0]}}
,"/Users/tanisha/WelcomeApp/src/components/forms/StatusMessage.js": {"path":"/Users/tanisha/WelcomeApp/src/components/forms/StatusMessage.js","statementMap":{"0":{"start":{"line":6,"column":22},"end":{"line":38,"column":1}},"1":{"start":{"line":13,"column":2},"end":{"line":15,"column":3}},"2":{"start":{"line":14,"column":4},"end":{"line":14,"column":16}},"3":{"start":{"line":17,"column":20},"end":{"line":17,"column":38}},"4":{"start":{"line":18,"column":19},"end":{"line":18,"column":66}},"5":{"start":{"line":19,"column":20},"end":{"line":19,"column":87}},"6":{"start":{"line":21,"column":2},"end":{"line":37,"column":4}},"7":{"start":{"line":40,"column":15},"end":{"line":69,"column":2}}},"fnMap":{"0":{"name":"(anonymous_0)","decl":{"start":{"line":6,"column":22},"end":{"line":6,"column":23}},"loc":{"start":{"line":12,"column":6},"end":{"line":38,"column":1}},"line":12}},"branchMap":{"0":{"loc":{"start":{"line":13,"column":2},"end":{"line":15,"column":3}},"type":"if","locations":[{"start":{"line":13,"column":2},"end":{"line":15,"column":3}},{"start":{},"end":{}}],"line":13},"1":{"loc":{"start":{"line":13,"column":6},"end":{"line":13,"column":23}},"type":"binary-expr","locations":[{"start":{"line":13,"column":6},"end":{"line":13,"column":11}},{"start":{"line":13,"column":15},"end":{"line":13,"column":23}}],"line":13},"2":{"loc":{"start":{"line":18,"column":19},"end":{"line":18,"column":66}},"type":"cond-expr","locations":[{"start":{"line":18,"column":31},"end":{"line":18,"column":49}},{"start":{"line":18,"column":52},"end":{"line":18,"column":66}}],"line":18},"3":{"loc":{"start":{"line":19,"column":20},"end":{"line":19,"column":87}},"type":"cond-expr","locations":[{"start":{"line":19,"column":32},"end":{"line":19,"column":59}},{"start":{"line":19,"column":62},"end":{"line":19,"column":87}}],"line":19},"4":{"loc":{"start":{"line":24,"column":6},"end":{"line":24,"column":65}},"type":"cond-expr","locations":[{"start":{"line":24,"column":18},"end":{"line":24,"column":41}},{"start":{"line":24,"column":44},"end":{"line":24,"column":65}}],"line":24},"5":{"loc":{"start":{"line":31,"column":8},"end":{"line":31,"column":57}},"type":"cond-expr","locations":[{"start":{"line":31,"column":20},"end":{"line":31,"column":38}},{"start":{"line":31,"column":41},"end":{"line":31,"column":57}}],"line":31}},"s":{"0":0,"1":0,"2":0,"3":0,"4":0,"5":0,"6":0,"7":0},"f":{"0":0},"b":{"0":[0,0],"1":[0,0],"2":[0,0],"3":[0,0],"4":[0,0],"5":[0,0]}}
,"/Users/tanisha/WelcomeApp/src/components/layout/ScreenFooter.js": {"path":"/Users/tanisha/WelcomeApp/src/components/layout/ScreenFooter.js","statementMap":{"0":{"start":{"line":5,"column":21},"end":{"line":21,"column":1}},"1":{"start":{"line":13,"column":2},"end":{"line":20,"column":4}},"2":{"start":{"line":23,"column":15},"end":{"line":39,"column":2}}},"fnMap":{"0":{"name":"(anonymous_0)","decl":{"start":{"line":5,"column":21},"end":{"line":5,"column":22}},"loc":{"start":{"line":12,"column":6},"end":{"line":21,"column":1}},"line":12}},"branchMap":{},"s":{"0":0,"1":0,"2":0},"f":{"0":0},"b":{}}
,"/Users/tanisha/WelcomeApp/src/components/layout/ScreenHeader.js": {"path":"/Users/tanisha/WelcomeApp/src/components/layout/ScreenHeader.js","statementMap":{"0":{"start":{"line":6,"column":21},"end":{"line":48,"column":1}},"1":{"start":{"line":16,"column":26},"end":{"line":22,"column":3}},"2":{"start":{"line":17,"column":4},"end":{"line":21,"column":5}},"3":{"start":{"line":18,"column":6},"end":{"line":18,"column":20}},"4":{"start":{"line":19,"column":11},"end":{"line":21,"column":5}},"5":{"start":{"line":20,"column":6},"end":{"line":20,"column":26}},"6":{"start":{"line":24,"column":2},"end":{"line":47,"column":4}},"7":{"start":{"line":50,"column":15},"end":{"line":79,"column":2}}},"fnMap":{"0":{"name":"(anonymous_0)","decl":{"start":{"line":6,"column":21},"end":{"line":6,"column":22}},"loc":{"start":{"line":15,"column":6},"end":{"line":48,"column":1}},"line":15},"1":{"name":"(anonymous_1)","decl":{"start":{"line":16,"column":26},"end":{"line":16,"column":27}},"loc":{"start":{"line":16,"column":32},"end":{"line":22,"column":3}},"line":16}},"branchMap":{"0":{"loc":{"start":{"line":9,"column":2},"end":{"line":9,"column":23}},"type":"default-arg","locations":[{"start":{"line":9,"column":19},"end":{"line":9,"column":23}}],"line":9},"1":{"loc":{"start":{"line":17,"column":4},"end":{"line":21,"column":5}},"type":"if","locations":[{"start":{"line":17,"column":4},"end":{"line":21,"column":5}},{"start":{"line":19,"column":11},"end":{"line":21,"column":5}}],"line":17},"2":{"loc":{"start":{"line":19,"column":11},"end":{"line":21,"column":5}},"type":"if","locations":[{"start":{"line":19,"column":11},"end":{"line":21,"column":5}},{"start":{},"end":{}}],"line":19},"3":{"loc":{"start":{"line":27,"column":9},"end":{"line":34,"column":9}},"type":"binary-expr","locations":[{"start":{"line":27,"column":9},"end":{"line":27,"column":23}},{"start":{"line":28,"column":10},"end":{"line":33,"column":29}}],"line":27},"4":{"loc":{"start":{"line":37,"column":7},"end":{"line":41,"column":7}},"type":"binary-expr","locations":[{"start":{"line":37,"column":7},"end":{"line":37,"column":12}},{"start":{"line":38,"column":8},"end":{"line":40,"column":15}}],"line":37}},"s":{"0":0,"1":0,"2":0,"3":0,"4":0,"5":0,"6":0,"7":0},"f":{"0":0,"1":0},"b":{"0":[0],"1":[0,0],"2":[0,0],"3":[0,0],"4":[0,0]}}
,"/Users/tanisha/WelcomeApp/src/components/layout/ScreenLayout.js": {"path":"/Users/tanisha/WelcomeApp/src/components/layout/ScreenLayout.js","statementMap":{"0":{"start":{"line":5,"column":21},"end":{"line":51,"column":1}},"1":{"start":{"line":14,"column":25},"end":{"line":18,"column":3}},"2":{"start":{"line":20,"column":23},"end":{"line":24,"column":3}},"3":{"start":{"line":26,"column":2},"end":{"line":42,"column":3}},"4":{"start":{"line":27,"column":4},"end":{"line":41,"column":6}},"5":{"start":{"line":44,"column":2},"end":{"line":50,"column":4}},"6":{"start":{"line":53,"column":15},"end":{"line":63,"column":2}}},"fnMap":{"0":{"name":"(anonymous_0)","decl":{"start":{"line":5,"column":21},"end":{"line":5,"column":22}},"loc":{"start":{"line":13,"column":6},"end":{"line":51,"column":1}},"line":13}},"branchMap":{"0":{"loc":{"start":{"line":7,"column":2},"end":{"line":7,"column":45}},"type":"default-arg","locations":[{"start":{"line":7,"column":20},"end":{"line":7,"column":45}}],"line":7},"1":{"loc":{"start":{"line":8,"column":2},"end":{"line":8,"column":24}},"type":"default-arg","locations":[{"start":{"line":8,"column":22},"end":{"line":8,"column":24}}],"line":8},"2":{"loc":{"start":{"line":9,"column":2},"end":{"line":9,"column":20}},"type":"default-arg","locations":[{"start":{"line":9,"column":15},"end":{"line":9,"column":20}}],"line":9},"3":{"loc":{"start":{"line":26,"column":2},"end":{"line":42,"column":3}},"type":"if","locations":[{"start":{"line":26,"column":2},"end":{"line":42,"column":3}},{"start":{},"end":{}}],"line":26}},"s":{"0":0,"1":0,"2":0,"3":0,"4":0,"5":0,"6":0},"f":{"0":0},"b":{"0":[0],"1":[0],"2":[0],"3":[0,0]}}
,"/Users/tanisha/WelcomeApp/src/components/layout/ScreenTitle.js": {"path":"/Users/tanisha/WelcomeApp/src/components/layout/ScreenTitle.js","statementMap":{"0":{"start":{"line":5,"column":20},"end":{"line":23,"column":1}},"1":{"start":{"line":13,"column":2},"end":{"line":22,"column":4}},"2":{"start":{"line":25,"column":15},"end":{"line":39,"column":2}}},"fnMap":{"0":{"name":"(anonymous_0)","decl":{"start":{"line":5,"column":20},"end":{"line":5,"column":21}},"loc":{"start":{"line":12,"column":6},"end":{"line":23,"column":1}},"line":12}},"branchMap":{"0":{"loc":{"start":{"line":15,"column":7},"end":{"line":17,"column":7}},"type":"binary-expr","locations":[{"start":{"line":15,"column":7},"end":{"line":15,"column":12}},{"start":{"line":16,"column":8},"end":{"line":16,"column":63}}],"line":15},"1":{"loc":{"start":{"line":18,"column":7},"end":{"line":20,"column":7}},"type":"binary-expr","locations":[{"start":{"line":18,"column":7},"end":{"line":18,"column":15}},{"start":{"line":19,"column":8},"end":{"line":19,"column":72}}],"line":18}},"s":{"0":0,"1":0,"2":0},"f":{"0":0},"b":{"0":[0,0],"1":[0,0]}}
,"/Users/tanisha/WelcomeApp/src/components/ui/HelpText.js": {"path":"/Users/tanisha/WelcomeApp/src/components/ui/HelpText.js","statementMap":{"0":{"start":{"line":5,"column":17},"end":{"line":21,"column":1}},"1":{"start":{"line":12,"column":2},"end":{"line":12,"column":25}},"2":{"start":{"line":12,"column":13},"end":{"line":12,"column":25}},"3":{"start":{"line":14,"column":2},"end":{"line":20,"column":4}},"4":{"start":{"line":23,"column":15},"end":{"line":35,"column":2}}},"fnMap":{"0":{"name":"(anonymous_0)","decl":{"start":{"line":5,"column":17},"end":{"line":5,"column":18}},"loc":{"start":{"line":11,"column":6},"end":{"line":21,"column":1}},"line":11}},"branchMap":{"0":{"loc":{"start":{"line":7,"column":2},"end":{"line":7,"column":13}},"type":"default-arg","locations":[{"start":{"line":7,"column":9},"end":{"line":7,"column":13}}],"line":7},"1":{"loc":{"start":{"line":12,"column":2},"end":{"line":12,"column":25}},"type":"if","locations":[{"start":{"line":12,"column":2},"end":{"line":12,"column":25}},{"start":{},"end":{}}],"line":12}},"s":{"0":0,"1":0,"2":0,"3":0,"4":0},"f":{"0":0},"b":{"0":[0],"1":[0,0]}}
,"/Users/tanisha/WelcomeApp/src/components/ui/LoadingIndicator.js": {"path":"/Users/tanisha/WelcomeApp/src/components/ui/LoadingIndicator.js","statementMap":{"0":{"start":{"line":5,"column":25},"end":{"line":27,"column":1}},"1":{"start":{"line":13,"column":2},"end":{"line":26,"column":4}},"2":{"start":{"line":29,"column":15},"end":{"line":46,"column":2}}},"fnMap":{"0":{"name":"(anonymous_0)","decl":{"start":{"line":5,"column":25},"end":{"line":5,"column":26}},"loc":{"start":{"line":12,"column":6},"end":{"line":27,"column":1}},"line":12}},"branchMap":{"0":{"loc":{"start":{"line":6,"column":2},"end":{"line":6,"column":24}},"type":"default-arg","locations":[{"start":{"line":6,"column":12},"end":{"line":6,"column":24}}],"line":6},"1":{"loc":{"start":{"line":7,"column":2},"end":{"line":7,"column":16}},"type":"default-arg","locations":[{"start":{"line":7,"column":9},"end":{"line":7,"column":16}}],"line":7},"2":{"loc":{"start":{"line":8,"column":2},"end":{"line":8,"column":29}},"type":"default-arg","locations":[{"start":{"line":8,"column":10},"end":{"line":8,"column":29}}],"line":8},"3":{"loc":{"start":{"line":11,"column":2},"end":{"line":11,"column":23}},"type":"default-arg","locations":[{"start":{"line":11,"column":19},"end":{"line":11,"column":23}}],"line":11},"4":{"loc":{"start":{"line":16,"column":6},"end":{"line":16,"column":45}},"type":"binary-expr","locations":[{"start":{"line":16,"column":6},"end":{"line":16,"column":20}},{"start":{"line":16,"column":24},"end":{"line":16,"column":45}}],"line":16},"5":{"loc":{"start":{"line":20,"column":7},"end":{"line":24,"column":7}},"type":"binary-expr","locations":[{"start":{"line":20,"column":7},"end":{"line":20,"column":14}},{"start":{"line":21,"column":8},"end":{"line":23,"column":15}}],"line":20}},"s":{"0":0,"1":0,"2":0},"f":{"0":0},"b":{"0":[0],"1":[0],"2":[0],"3":[0],"4":[0,0],"5":[0,0]}}
,"/Users/tanisha/WelcomeApp/src/config/firebase.js": {"path":"/Users/tanisha/WelcomeApp/src/config/firebase.js","statementMap":{"0":{"start":{"line":5,"column":23},"end":{"line":13,"column":1}},"1":{"start":{"line":16,"column":12},"end":{"line":16,"column":41}},"2":{"start":{"line":19,"column":20},"end":{"line":19,"column":32}},"3":{"start":{"line":22,"column":30},"end":{"line":22,"column":54}}},"fnMap":{},"branchMap":{},"s":{"0":0,"1":0,"2":0,"3":0},"f":{},"b":{}}
,"/Users/tanisha/WelcomeApp/src/context/AuthContext.js": {"path":"/Users/tanisha/WelcomeApp/src/context/AuthContext.js","statementMap":{"0":{"start":{"line":4,"column":20},"end":{"line":4,"column":35}},"1":{"start":{"line":6,"column":23},"end":{"line":12,"column":1}},"2":{"start":{"line":7,"column":18},"end":{"line":7,"column":41}},"3":{"start":{"line":8,"column":2},"end":{"line":10,"column":3}},"4":{"start":{"line":9,"column":4},"end":{"line":9,"column":67}},"5":{"start":{"line":11,"column":2},"end":{"line":11,"column":17}},"6":{"start":{"line":14,"column":28},"end":{"line":38,"column":1}},"7":{"start":{"line":15,"column":26},"end":{"line":15,"column":40}},"8":{"start":{"line":16,"column":32},"end":{"line":16,"column":46}},"9":{"start":{"line":18,"column":2},"end":{"line":25,"column":9}},"10":{"start":{"line":19,"column":24},"end":{"line":22,"column":6}},"11":{"start":{"line":20,"column":6},"end":{"line":20,"column":20}},"12":{"start":{"line":21,"column":6},"end":{"line":21,"column":24}},"13":{"start":{"line":24,"column":4},"end":{"line":24,"column":23}},"14":{"start":{"line":27,"column":16},"end":{"line":31,"column":3}},"15":{"start":{"line":33,"column":2},"end":{"line":37,"column":4}}},"fnMap":{"0":{"name":"(anonymous_0)","decl":{"start":{"line":6,"column":23},"end":{"line":6,"column":24}},"loc":{"start":{"line":6,"column":29},"end":{"line":12,"column":1}},"line":6},"1":{"name":"(anonymous_1)","decl":{"start":{"line":14,"column":28},"end":{"line":14,"column":29}},"loc":{"start":{"line":14,"column":46},"end":{"line":38,"column":1}},"line":14},"2":{"name":"(anonymous_2)","decl":{"start":{"line":18,"column":12},"end":{"line":18,"column":13}},"loc":{"start":{"line":18,"column":18},"end":{"line":25,"column":3}},"line":18},"3":{"name":"(anonymous_3)","decl":{"start":{"line":19,"column":42},"end":{"line":19,"column":43}},"loc":{"start":{"line":19,"column":52},"end":{"line":22,"column":5}},"line":19}},"branchMap":{"0":{"loc":{"start":{"line":8,"column":2},"end":{"line":10,"column":3}},"type":"if","locations":[{"start":{"line":8,"column":2},"end":{"line":10,"column":3}},{"start":{},"end":{}}],"line":8}},"s":{"0":0,"1":0,"2":0,"3":0,"4":0,"5":0,"6":0,"7":0,"8":0,"9":0,"10":0,"11":0,"12":0,"13":0,"14":0,"15":0},"f":{"0":0,"1":0,"2":0,"3":0},"b":{"0":[0,0]}}
,"/Users/tanisha/WelcomeApp/src/navigation/AppNavigator.js": {"path":"/Users/tanisha/WelcomeApp/src/navigation/AppNavigator.js","statementMap":{"0":{"start":{"line":14,"column":14},"end":{"line":14,"column":36}},"1":{"start":{"line":16,"column":18},"end":{"line":28,"column":1}},"2":{"start":{"line":17,"column":2},"end":{"line":27,"column":20}},"3":{"start":{"line":30,"column":17},"end":{"line":39,"column":1}},"4":{"start":{"line":31,"column":2},"end":{"line":38,"column":20}},"5":{"start":{"line":41,"column":21},"end":{"line":54,"column":1}},"6":{"start":{"line":42,"column":39},"end":{"line":42,"column":48}},"7":{"start":{"line":44,"column":2},"end":{"line":47,"column":3}},"8":{"start":{"line":46,"column":4},"end":{"line":46,"column":16}},"9":{"start":{"line":49,"column":2},"end":{"line":53,"column":4}}},"fnMap":{"0":{"name":"(anonymous_0)","decl":{"start":{"line":16,"column":18},"end":{"line":16,"column":19}},"loc":{"start":{"line":17,"column":2},"end":{"line":27,"column":20}},"line":17},"1":{"name":"(anonymous_1)","decl":{"start":{"line":30,"column":17},"end":{"line":30,"column":18}},"loc":{"start":{"line":31,"column":2},"end":{"line":38,"column":20}},"line":31},"2":{"name":"(anonymous_2)","decl":{"start":{"line":41,"column":21},"end":{"line":41,"column":22}},"loc":{"start":{"line":41,"column":27},"end":{"line":54,"column":1}},"line":41}},"branchMap":{"0":{"loc":{"start":{"line":44,"column":2},"end":{"line":47,"column":3}},"type":"if","locations":[{"start":{"line":44,"column":2},"end":{"line":47,"column":3}},{"start":{},"end":{}}],"line":44},"1":{"loc":{"start":{"line":51,"column":7},"end":{"line":51,"column":53}},"type":"cond-expr","locations":[{"start":{"line":51,"column":25},"end":{"line":51,"column":37}},{"start":{"line":51,"column":40},"end":{"line":51,"column":53}}],"line":51}},"s":{"0":0,"1":0,"2":0,"3":0,"4":0,"5":0,"6":0,"7":0,"8":0,"9":0},"f":{"0":0,"1":0,"2":0},"b":{"0":[0,0],"1":[0,0]}}
,"/Users/tanisha/WelcomeApp/src/screens/ForgotPasswordScreen.js": {"path":"/Users/tanisha/WelcomeApp/src/screens/ForgotPasswordScreen.js","statementMap":{"0":{"start":{"line":17,"column":29},"end":{"line":156,"column":1}},"1":{"start":{"line":18,"column":28},"end":{"line":18,"column":40}},"2":{"start":{"line":19,"column":32},"end":{"line":19,"column":47}},"3":{"start":{"line":20,"column":30},"end":{"line":20,"column":42}},"4":{"start":{"line":21,"column":30},"end":{"line":21,"column":42}},"5":{"start":{"line":23,"column":23},"end":{"line":34,"column":3}},"6":{"start":{"line":24,"column":22},"end":{"line":24,"column":24}},"7":{"start":{"line":26,"column":4},"end":{"line":30,"column":5}},"8":{"start":{"line":27,"column":6},"end":{"line":27,"column":58}},"9":{"start":{"line":28,"column":11},"end":{"line":30,"column":5}},"10":{"start":{"line":29,"column":6},"end":{"line":29,"column":61}},"11":{"start":{"line":32,"column":4},"end":{"line":32,"column":25}},"12":{"start":{"line":33,"column":4},"end":{"line":33,"column":47}},"13":{"start":{"line":36,"column":26},"end":{"line":38,"column":3}},"14":{"start":{"line":37,"column":4},"end":{"line":37,"column":61}},"15":{"start":{"line":40,"column":30},"end":{"line":82,"column":3}},"16":{"start":{"line":41,"column":4},"end":{"line":41,"column":32}},"17":{"start":{"line":41,"column":25},"end":{"line":41,"column":32}},"18":{"start":{"line":43,"column":4},"end":{"line":43,"column":21}},"19":{"start":{"line":44,"column":4},"end":{"line":44,"column":18}},"20":{"start":{"line":45,"column":4},"end":{"line":45,"column":18}},"21":{"start":{"line":47,"column":4},"end":{"line":81,"column":5}},"22":{"start":{"line":48,"column":6},"end":{"line":48,"column":62}},"23":{"start":{"line":49,"column":6},"end":{"line":52,"column":9}},"24":{"start":{"line":54,"column":21},"end":{"line":54,"column":47}},"25":{"start":{"line":56,"column":6},"end":{"line":74,"column":7}},"26":{"start":{"line":57,"column":8},"end":{"line":57,"column":29}},"27":{"start":{"line":58,"column":8},"end":{"line":58,"column":62}},"28":{"start":{"line":59,"column":8},"end":{"line":68,"column":10}},"29":{"start":{"line":65,"column":29},"end":{"line":65,"column":57}},"30":{"start":{"line":70,"column":8},"end":{"line":70,"column":27}},"31":{"start":{"line":71,"column":29},"end":{"line":71,"column":105}},"32":{"start":{"line":72,"column":8},"end":{"line":72,"column":62}},"33":{"start":{"line":73,"column":8},"end":{"line":73,"column":50}},"34":{"start":{"line":76,"column":6},"end":{"line":76,"column":25}},"35":{"start":{"line":77,"column":6},"end":{"line":77,"column":70}},"36":{"start":{"line":78,"column":6},"end":{"line":78,"column":74}},"37":{"start":{"line":80,"column":6},"end":{"line":80,"column":24}},"38":{"start":{"line":84,"column":22},"end":{"line":87,"column":3}},"39":{"start":{"line":85,"column":4},"end":{"line":85,"column":18}},"40":{"start":{"line":86,"column":4},"end":{"line":86,"column":18}},"41":{"start":{"line":89,"column":2},"end":{"line":155,"column":4}},"42":{"start":{"line":118,"column":12},"end":{"line":118,"column":27}},"43":{"start":{"line":119,"column":12},"end":{"line":119,"column":26}},"44":{"start":{"line":152,"column":27},"end":{"line":152,"column":55}},"45":{"start":{"line":158,"column":15},"end":{"line":181,"column":2}}},"fnMap":{"0":{"name":"(anonymous_0)","decl":{"start":{"line":17,"column":29},"end":{"line":17,"column":30}},"loc":{"start":{"line":17,"column":49},"end":{"line":156,"column":1}},"line":17},"1":{"name":"(anonymous_1)","decl":{"start":{"line":23,"column":23},"end":{"line":23,"column":24}},"loc":{"start":{"line":23,"column":29},"end":{"line":34,"column":3}},"line":23},"2":{"name":"(anonymous_2)","decl":{"start":{"line":36,"column":26},"end":{"line":36,"column":27}},"loc":{"start":{"line":36,"column":41},"end":{"line":38,"column":3}},"line":36},"3":{"name":"(anonymous_3)","decl":{"start":{"line":40,"column":30},"end":{"line":40,"column":31}},"loc":{"start":{"line":40,"column":42},"end":{"line":82,"column":3}},"line":40},"4":{"name":"(anonymous_4)","decl":{"start":{"line":65,"column":23},"end":{"line":65,"column":24}},"loc":{"start":{"line":65,"column":29},"end":{"line":65,"column":57}},"line":65},"5":{"name":"(anonymous_5)","decl":{"start":{"line":84,"column":22},"end":{"line":84,"column":23}},"loc":{"start":{"line":84,"column":28},"end":{"line":87,"column":3}},"line":84},"6":{"name":"(anonymous_6)","decl":{"start":{"line":117,"column":24},"end":{"line":117,"column":25}},"loc":{"start":{"line":117,"column":34},"end":{"line":120,"column":11}},"line":117},"7":{"name":"(anonymous_7)","decl":{"start":{"line":152,"column":21},"end":{"line":152,"column":22}},"loc":{"start":{"line":152,"column":27},"end":{"line":152,"column":55}},"line":152}},"branchMap":{"0":{"loc":{"start":{"line":26,"column":4},"end":{"line":30,"column":5}},"type":"if","locations":[{"start":{"line":26,"column":4},"end":{"line":30,"column":5}},{"start":{"line":28,"column":11},"end":{"line":30,"column":5}}],"line":26},"1":{"loc":{"start":{"line":28,"column":11},"end":{"line":30,"column":5}},"type":"if","locations":[{"start":{"line":28,"column":11},"end":{"line":30,"column":5}},{"start":{},"end":{}}],"line":28},"2":{"loc":{"start":{"line":41,"column":4},"end":{"line":41,"column":32}},"type":"if","locations":[{"start":{"line":41,"column":4},"end":{"line":41,"column":32}},{"start":{},"end":{}}],"line":41},"3":{"loc":{"start":{"line":56,"column":6},"end":{"line":74,"column":7}},"type":"if","locations":[{"start":{"line":56,"column":6},"end":{"line":74,"column":7}},{"start":{"line":69,"column":13},"end":{"line":74,"column":7}}],"line":56},"4":{"loc":{"start":{"line":71,"column":29},"end":{"line":71,"column":105}},"type":"binary-expr","locations":[{"start":{"line":71,"column":29},"end":{"line":71,"column":50}},{"start":{"line":71,"column":54},"end":{"line":71,"column":105}}],"line":71},"5":{"loc":{"start":{"line":71,"column":70},"end":{"line":71,"column":104}},"type":"binary-expr","locations":[{"start":{"line":71,"column":70},"end":{"line":71,"column":88}},{"start":{"line":71,"column":92},"end":{"line":71,"column":104}}],"line":71},"6":{"loc":{"start":{"line":104,"column":10},"end":{"line":108,"column":18}},"type":"cond-expr","locations":[{"start":{"line":105,"column":14},"end":{"line":105,"column":50}},{"start":{"line":106,"column":14},"end":{"line":108,"column":18}}],"line":104},"7":{"loc":{"start":{"line":106,"column":14},"end":{"line":108,"column":18}},"type":"cond-expr","locations":[{"start":{"line":107,"column":14},"end":{"line":107,"column":60}},{"start":{"line":108,"column":14},"end":{"line":108,"column":18}}],"line":106},"8":{"loc":{"start":{"line":129,"column":17},"end":{"line":129,"column":59}},"type":"cond-expr","locations":[{"start":{"line":129,"column":27},"end":{"line":129,"column":39}},{"start":{"line":129,"column":42},"end":{"line":129,"column":59}}],"line":129},"9":{"loc":{"start":{"line":136,"column":9},"end":{"line":140,"column":9}},"type":"binary-expr","locations":[{"start":{"line":136,"column":9},"end":{"line":136,"column":16}},{"start":{"line":137,"column":10},"end":{"line":139,"column":12}}],"line":136}},"s":{"0":0,"1":0,"2":0,"3":0,"4":0,"5":0,"6":0,"7":0,"8":0,"9":0,"10":0,"11":0,"12":0,"13":0,"14":0,"15":0,"16":0,"17":0,"18":0,"19":0,"20":0,"21":0,"22":0,"23":0,"24":0,"25":0,"26":0,"27":0,"28":0,"29":0,"30":0,"31":0,"32":0,"33":0,"34":0,"35":0,"36":0,"37":0,"38":0,"39":0,"40":0,"41":0,"42":0,"43":0,"44":0,"45":0},"f":{"0":0,"1":0,"2":0,"3":0,"4":0,"5":0,"6":0,"7":0},"b":{"0":[0,0],"1":[0,0],"2":[0,0],"3":[0,0],"4":[0,0],"5":[0,0],"6":[0,0],"7":[0,0],"8":[0,0],"9":[0,0]}}
,"/Users/tanisha/WelcomeApp/src/screens/HomeScreen.js": {"path":"/Users/tanisha/WelcomeApp/src/screens/HomeScreen.js","statementMap":{"0":{"start":{"line":11,"column":19},"end":{"line":70,"column":1}},"1":{"start":{"line":12,"column":19},"end":{"line":12,"column":28}},"2":{"start":{"line":14,"column":23},"end":{"line":21,"column":3}},"3":{"start":{"line":15,"column":4},"end":{"line":20,"column":5}},"4":{"start":{"line":16,"column":6},"end":{"line":16,"column":21}},"5":{"start":{"line":19,"column":6},"end":{"line":19,"column":44}},"6":{"start":{"line":23,"column":2},"end":{"line":69,"column":4}},"7":{"start":{"line":64,"column":25},"end":{"line":64,"column":56}},"8":{"start":{"line":72,"column":15},"end":{"line":127,"column":2}}},"fnMap":{"0":{"name":"(anonymous_0)","decl":{"start":{"line":11,"column":19},"end":{"line":11,"column":20}},"loc":{"start":{"line":11,"column":39},"end":{"line":70,"column":1}},"line":11},"1":{"name":"(anonymous_1)","decl":{"start":{"line":14,"column":23},"end":{"line":14,"column":24}},"loc":{"start":{"line":14,"column":35},"end":{"line":21,"column":3}},"line":14},"2":{"name":"(anonymous_2)","decl":{"start":{"line":64,"column":19},"end":{"line":64,"column":20}},"loc":{"start":{"line":64,"column":25},"end":{"line":64,"column":56}},"line":64}},"branchMap":{"0":{"loc":{"start":{"line":46,"column":9},"end":{"line":48,"column":9}},"type":"binary-expr","locations":[{"start":{"line":46,"column":9},"end":{"line":46,"column":20}},{"start":{"line":47,"column":10},"end":{"line":47,"column":60}}],"line":46}},"s":{"0":0,"1":0,"2":0,"3":0,"4":0,"5":0,"6":0,"7":0,"8":0},"f":{"0":0,"1":0,"2":0},"b":{"0":[0,0]}}
,"/Users/tanisha/WelcomeApp/src/screens/LoginScreen.js": {"path":"/Users/tanisha/WelcomeApp/src/screens/LoginScreen.js","statementMap":{"0":{"start":{"line":17,"column":20},"end":{"line":169,"column":1}},"1":{"start":{"line":18,"column":28},"end":{"line":18,"column":40}},"2":{"start":{"line":19,"column":34},"end":{"line":19,"column":46}},"3":{"start":{"line":20,"column":32},"end":{"line":20,"column":47}},"4":{"start":{"line":21,"column":42},"end":{"line":21,"column":57}},"5":{"start":{"line":22,"column":30},"end":{"line":22,"column":42}},"6":{"start":{"line":23,"column":36},"end":{"line":23,"column":48}},"7":{"start":{"line":25,"column":23},"end":{"line":42,"column":3}},"8":{"start":{"line":26,"column":22},"end":{"line":26,"column":24}},"9":{"start":{"line":28,"column":4},"end":{"line":32,"column":5}},"10":{"start":{"line":29,"column":6},"end":{"line":29,"column":58}},"11":{"start":{"line":30,"column":11},"end":{"line":32,"column":5}},"12":{"start":{"line":31,"column":6},"end":{"line":31,"column":61}},"13":{"start":{"line":34,"column":4},"end":{"line":38,"column":5}},"14":{"start":{"line":35,"column":6},"end":{"line":35,"column":56}},"15":{"start":{"line":36,"column":11},"end":{"line":38,"column":5}},"16":{"start":{"line":37,"column":6},"end":{"line":37,"column":73}},"17":{"start":{"line":40,"column":4},"end":{"line":40,"column":25}},"18":{"start":{"line":41,"column":4},"end":{"line":41,"column":47}},"19":{"start":{"line":44,"column":27},"end":{"line":68,"column":3}},"20":{"start":{"line":45,"column":4},"end":{"line":45,"column":32}},"21":{"start":{"line":45,"column":25},"end":{"line":45,"column":32}},"22":{"start":{"line":47,"column":4},"end":{"line":47,"column":21}},"23":{"start":{"line":48,"column":4},"end":{"line":48,"column":21}},"24":{"start":{"line":50,"column":4},"end":{"line":67,"column":5}},"25":{"start":{"line":51,"column":6},"end":{"line":51,"column":75}},"26":{"start":{"line":52,"column":21},"end":{"line":52,"column":58}},"27":{"start":{"line":53,"column":6},"end":{"line":53,"column":43}},"28":{"start":{"line":55,"column":6},"end":{"line":61,"column":7}},"29":{"start":{"line":57,"column":8},"end":{"line":57,"column":76}},"30":{"start":{"line":60,"column":8},"end":{"line":60,"column":35}},"31":{"start":{"line":63,"column":6},"end":{"line":63,"column":43}},"32":{"start":{"line":64,"column":6},"end":{"line":64,"column":57}},"33":{"start":{"line":66,"column":6},"end":{"line":66,"column":24}},"34":{"start":{"line":70,"column":27},"end":{"line":88,"column":3}},"35":{"start":{"line":71,"column":4},"end":{"line":71,"column":26}},"36":{"start":{"line":72,"column":4},"end":{"line":87,"column":5}},"37":{"start":{"line":73,"column":6},"end":{"line":73,"column":47}},"38":{"start":{"line":74,"column":21},"end":{"line":74,"column":43}},"39":{"start":{"line":75,"column":6},"end":{"line":75,"column":49}},"40":{"start":{"line":77,"column":6},"end":{"line":81,"column":7}},"41":{"start":{"line":78,"column":8},"end":{"line":78,"column":46}},"42":{"start":{"line":80,"column":8},"end":{"line":80,"column":104}},"43":{"start":{"line":83,"column":6},"end":{"line":83,"column":49}},"44":{"start":{"line":84,"column":6},"end":{"line":84,"column":65}},"45":{"start":{"line":86,"column":6},"end":{"line":86,"column":29}},"46":{"start":{"line":90,"column":2},"end":{"line":168,"column":4}},"47":{"start":{"line":134,"column":25},"end":{"line":134,"column":62}},"48":{"start":{"line":165,"column":27},"end":{"line":165,"column":58}},"49":{"start":{"line":171,"column":15},"end":{"line":206,"column":2}}},"fnMap":{"0":{"name":"(anonymous_0)","decl":{"start":{"line":17,"column":20},"end":{"line":17,"column":21}},"loc":{"start":{"line":17,"column":40},"end":{"line":169,"column":1}},"line":17},"1":{"name":"(anonymous_1)","decl":{"start":{"line":25,"column":23},"end":{"line":25,"column":24}},"loc":{"start":{"line":25,"column":29},"end":{"line":42,"column":3}},"line":25},"2":{"name":"(anonymous_2)","decl":{"start":{"line":44,"column":27},"end":{"line":44,"column":28}},"loc":{"start":{"line":44,"column":39},"end":{"line":68,"column":3}},"line":44},"3":{"name":"(anonymous_3)","decl":{"start":{"line":70,"column":27},"end":{"line":70,"column":28}},"loc":{"start":{"line":70,"column":39},"end":{"line":88,"column":3}},"line":70},"4":{"name":"(anonymous_4)","decl":{"start":{"line":134,"column":19},"end":{"line":134,"column":20}},"loc":{"start":{"line":134,"column":25},"end":{"line":134,"column":62}},"line":134},"5":{"name":"(anonymous_5)","decl":{"start":{"line":165,"column":21},"end":{"line":165,"column":22}},"loc":{"start":{"line":165,"column":27},"end":{"line":165,"column":58}},"line":165}},"branchMap":{"0":{"loc":{"start":{"line":28,"column":4},"end":{"line":32,"column":5}},"type":"if","locations":[{"start":{"line":28,"column":4},"end":{"line":32,"column":5}},{"start":{"line":30,"column":11},"end":{"line":32,"column":5}}],"line":28},"1":{"loc":{"start":{"line":30,"column":11},"end":{"line":32,"column":5}},"type":"if","locations":[{"start":{"line":30,"column":11},"end":{"line":32,"column":5}},{"start":{},"end":{}}],"line":30},"2":{"loc":{"start":{"line":34,"column":4},"end":{"line":38,"column":5}},"type":"if","locations":[{"start":{"line":34,"column":4},"end":{"line":38,"column":5}},{"start":{"line":36,"column":11},"end":{"line":38,"column":5}}],"line":34},"3":{"loc":{"start":{"line":36,"column":11},"end":{"line":38,"column":5}},"type":"if","locations":[{"start":{"line":36,"column":11},"end":{"line":38,"column":5}},{"start":{},"end":{}}],"line":36},"4":{"loc":{"start":{"line":45,"column":4},"end":{"line":45,"column":32}},"type":"if","locations":[{"start":{"line":45,"column":4},"end":{"line":45,"column":32}},{"start":{},"end":{}}],"line":45},"5":{"loc":{"start":{"line":55,"column":6},"end":{"line":61,"column":7}},"type":"if","locations":[{"start":{"line":55,"column":6},"end":{"line":61,"column":7}},{"start":{"line":58,"column":13},"end":{"line":61,"column":7}}],"line":55},"6":{"loc":{"start":{"line":77,"column":6},"end":{"line":81,"column":7}},"type":"if","locations":[{"start":{"line":77,"column":6},"end":{"line":81,"column":7}},{"start":{"line":79,"column":13},"end":{"line":81,"column":7}}],"line":77},"7":{"loc":{"start":{"line":80,"column":42},"end":{"line":80,"column":102}},"type":"binary-expr","locations":[{"start":{"line":80,"column":42},"end":{"line":80,"column":54}},{"start":{"line":80,"column":58},"end":{"line":80,"column":102}}],"line":80},"8":{"loc":{"start":{"line":148,"column":9},"end":{"line":152,"column":9}},"type":"binary-expr","locations":[{"start":{"line":148,"column":9},"end":{"line":148,"column":16}},{"start":{"line":149,"column":10},"end":{"line":151,"column":12}}],"line":148}},"s":{"0":0,"1":0,"2":0,"3":0,"4":0,"5":0,"6":0,"7":0,"8":0,"9":0,"10":0,"11":0,"12":0,"13":0,"14":0,"15":0,"16":0,"17":0,"18":0,"19":0,"20":0,"21":0,"22":0,"23":0,"24":0,"25":0,"26":0,"27":0,"28":0,"29":0,"30":0,"31":0,"32":0,"33":0,"34":0,"35":0,"36":0,"37":0,"38":0,"39":0,"40":0,"41":0,"42":0,"43":0,"44":0,"45":0,"46":0,"47":0,"48":0,"49":0},"f":{"0":0,"1":0,"2":0,"3":0,"4":0,"5":0},"b":{"0":[0,0],"1":[0,0],"2":[0,0],"3":[0,0],"4":[0,0],"5":[0,0],"6":[0,0],"7":[0,0],"8":[0,0]}}
,"/Users/tanisha/WelcomeApp/src/screens/RegisterScreen.js": {"path":"/Users/tanisha/WelcomeApp/src/screens/RegisterScreen.js","statementMap":{"0":{"start":{"line":18,"column":23},"end":{"line":201,"column":1}},"1":{"start":{"line":19,"column":34},"end":{"line":19,"column":46}},"2":{"start":{"line":20,"column":28},"end":{"line":20,"column":40}},"3":{"start":{"line":21,"column":34},"end":{"line":21,"column":46}},"4":{"start":{"line":22,"column":48},"end":{"line":22,"column":60}},"5":{"start":{"line":23,"column":32},"end":{"line":23,"column":47}},"6":{"start":{"line":24,"column":42},"end":{"line":24,"column":57}},"7":{"start":{"line":25,"column":30},"end":{"line":25,"column":42}},"8":{"start":{"line":26,"column":36},"end":{"line":26,"column":48}},"9":{"start":{"line":28,"column":23},"end":{"line":55,"column":3}},"10":{"start":{"line":29,"column":22},"end":{"line":29,"column":24}},"11":{"start":{"line":31,"column":4},"end":{"line":33,"column":5}},"12":{"start":{"line":32,"column":6},"end":{"line":32,"column":57}},"13":{"start":{"line":35,"column":4},"end":{"line":39,"column":5}},"14":{"start":{"line":36,"column":6},"end":{"line":36,"column":58}},"15":{"start":{"line":37,"column":11},"end":{"line":39,"column":5}},"16":{"start":{"line":38,"column":6},"end":{"line":38,"column":61}},"17":{"start":{"line":41,"column":4},"end":{"line":45,"column":5}},"18":{"start":{"line":42,"column":6},"end":{"line":42,"column":54}},"19":{"start":{"line":43,"column":11},"end":{"line":45,"column":5}},"20":{"start":{"line":44,"column":6},"end":{"line":44,"column":73}},"21":{"start":{"line":47,"column":4},"end":{"line":51,"column":5}},"22":{"start":{"line":48,"column":6},"end":{"line":48,"column":65}},"23":{"start":{"line":49,"column":11},"end":{"line":51,"column":5}},"24":{"start":{"line":50,"column":6},"end":{"line":50,"column":77}},"25":{"start":{"line":53,"column":4},"end":{"line":53,"column":25}},"26":{"start":{"line":54,"column":4},"end":{"line":54,"column":47}},"27":{"start":{"line":57,"column":30},"end":{"line":89,"column":3}},"28":{"start":{"line":58,"column":4},"end":{"line":58,"column":32}},"29":{"start":{"line":58,"column":25},"end":{"line":58,"column":32}},"30":{"start":{"line":60,"column":4},"end":{"line":60,"column":21}},"31":{"start":{"line":61,"column":4},"end":{"line":61,"column":21}},"32":{"start":{"line":63,"column":4},"end":{"line":88,"column":5}},"33":{"start":{"line":64,"column":6},"end":{"line":64,"column":78}},"34":{"start":{"line":65,"column":21},"end":{"line":65,"column":61}},"35":{"start":{"line":66,"column":6},"end":{"line":66,"column":50}},"36":{"start":{"line":68,"column":6},"end":{"line":82,"column":7}},"37":{"start":{"line":69,"column":8},"end":{"line":78,"column":10}},"38":{"start":{"line":75,"column":29},"end":{"line":75,"column":57}},"39":{"start":{"line":81,"column":8},"end":{"line":81,"column":35}},"40":{"start":{"line":84,"column":6},"end":{"line":84,"column":50}},"41":{"start":{"line":85,"column":6},"end":{"line":85,"column":64}},"42":{"start":{"line":87,"column":6},"end":{"line":87,"column":24}},"43":{"start":{"line":91,"column":30},"end":{"line":109,"column":3}},"44":{"start":{"line":92,"column":4},"end":{"line":92,"column":26}},"45":{"start":{"line":93,"column":4},"end":{"line":108,"column":5}},"46":{"start":{"line":94,"column":6},"end":{"line":94,"column":54}},"47":{"start":{"line":95,"column":21},"end":{"line":95,"column":43}},"48":{"start":{"line":96,"column":6},"end":{"line":96,"column":56}},"49":{"start":{"line":98,"column":6},"end":{"line":102,"column":7}},"50":{"start":{"line":99,"column":8},"end":{"line":99,"column":53}},"51":{"start":{"line":101,"column":8},"end":{"line":101,"column":118}},"52":{"start":{"line":104,"column":6},"end":{"line":104,"column":56}},"53":{"start":{"line":105,"column":6},"end":{"line":105,"column":65}},"54":{"start":{"line":107,"column":6},"end":{"line":107,"column":29}},"55":{"start":{"line":111,"column":2},"end":{"line":200,"column":4}},"56":{"start":{"line":197,"column":27},"end":{"line":197,"column":55}},"57":{"start":{"line":203,"column":15},"end":{"line":231,"column":2}}},"fnMap":{"0":{"name":"(anonymous_0)","decl":{"start":{"line":18,"column":23},"end":{"line":18,"column":24}},"loc":{"start":{"line":18,"column":43},"end":{"line":201,"column":1}},"line":18},"1":{"name":"(anonymous_1)","decl":{"start":{"line":28,"column":23},"end":{"line":28,"column":24}},"loc":{"start":{"line":28,"column":29},"end":{"line":55,"column":3}},"line":28},"2":{"name":"(anonymous_2)","decl":{"start":{"line":57,"column":30},"end":{"line":57,"column":31}},"loc":{"start":{"line":57,"column":42},"end":{"line":89,"column":3}},"line":57},"3":{"name":"(anonymous_3)","decl":{"start":{"line":75,"column":23},"end":{"line":75,"column":24}},"loc":{"start":{"line":75,"column":29},"end":{"line":75,"column":57}},"line":75},"4":{"name":"(anonymous_4)","decl":{"start":{"line":91,"column":30},"end":{"line":91,"column":31}},"loc":{"start":{"line":91,"column":42},"end":{"line":109,"column":3}},"line":91},"5":{"name":"(anonymous_5)","decl":{"start":{"line":197,"column":21},"end":{"line":197,"column":22}},"loc":{"start":{"line":197,"column":27},"end":{"line":197,"column":55}},"line":197}},"branchMap":{"0":{"loc":{"start":{"line":31,"column":4},"end":{"line":33,"column":5}},"type":"if","locations":[{"start":{"line":31,"column":4},"end":{"line":33,"column":5}},{"start":{},"end":{}}],"line":31},"1":{"loc":{"start":{"line":35,"column":4},"end":{"line":39,"column":5}},"type":"if","locations":[{"start":{"line":35,"column":4},"end":{"line":39,"column":5}},{"start":{"line":37,"column":11},"end":{"line":39,"column":5}}],"line":35},"2":{"loc":{"start":{"line":37,"column":11},"end":{"line":39,"column":5}},"type":"if","locations":[{"start":{"line":37,"column":11},"end":{"line":39,"column":5}},{"start":{},"end":{}}],"line":37},"3":{"loc":{"start":{"line":41,"column":4},"end":{"line":45,"column":5}},"type":"if","locations":[{"start":{"line":41,"column":4},"end":{"line":45,"column":5}},{"start":{"line":43,"column":11},"end":{"line":45,"column":5}}],"line":41},"4":{"loc":{"start":{"line":43,"column":11},"end":{"line":45,"column":5}},"type":"if","locations":[{"start":{"line":43,"column":11},"end":{"line":45,"column":5}},{"start":{},"end":{}}],"line":43},"5":{"loc":{"start":{"line":47,"column":4},"end":{"line":51,"column":5}},"type":"if","locations":[{"start":{"line":47,"column":4},"end":{"line":51,"column":5}},{"start":{"line":49,"column":11},"end":{"line":51,"column":5}}],"line":47},"6":{"loc":{"start":{"line":49,"column":11},"end":{"line":51,"column":5}},"type":"if","locations":[{"start":{"line":49,"column":11},"end":{"line":51,"column":5}},{"start":{},"end":{}}],"line":49},"7":{"loc":{"start":{"line":58,"column":4},"end":{"line":58,"column":32}},"type":"if","locations":[{"start":{"line":58,"column":4},"end":{"line":58,"column":32}},{"start":{},"end":{}}],"line":58},"8":{"loc":{"start":{"line":68,"column":6},"end":{"line":82,"column":7}},"type":"if","locations":[{"start":{"line":68,"column":6},"end":{"line":82,"column":7}},{"start":{"line":79,"column":13},"end":{"line":82,"column":7}}],"line":68},"9":{"loc":{"start":{"line":98,"column":6},"end":{"line":102,"column":7}},"type":"if","locations":[{"start":{"line":98,"column":6},"end":{"line":102,"column":7}},{"start":{"line":100,"column":13},"end":{"line":102,"column":7}}],"line":98},"10":{"loc":{"start":{"line":101,"column":49},"end":{"line":101,"column":116}},"type":"binary-expr","locations":[{"start":{"line":101,"column":49},"end":{"line":101,"column":61}},{"start":{"line":101,"column":65},"end":{"line":101,"column":116}}],"line":101},"11":{"loc":{"start":{"line":180,"column":9},"end":{"line":184,"column":9}},"type":"binary-expr","locations":[{"start":{"line":180,"column":9},"end":{"line":180,"column":16}},{"start":{"line":181,"column":10},"end":{"line":183,"column":12}}],"line":180}},"s":{"0":0,"1":0,"2":0,"3":0,"4":0,"5":0,"6":0,"7":0,"8":0,"9":0,"10":0,"11":0,"12":0,"13":0,"14":0,"15":0,"16":0,"17":0,"18":0,"19":0,"20":0,"21":0,"22":0,"23":0,"24":0,"25":0,"26":0,"27":0,"28":0,"29":0,"30":0,"31":0,"32":0,"33":0,"34":0,"35":0,"36":0,"37":0,"38":0,"39":0,"40":0,"41":0,"42":0,"43":0,"44":0,"45":0,"46":0,"47":0,"48":0,"49":0,"50":0,"51":0,"52":0,"53":0,"54":0,"55":0,"56":0,"57":0},"f":{"0":0,"1":0,"2":0,"3":0,"4":0,"5":0},"b":{"0":[0,0],"1":[0,0],"2":[0,0],"3":[0,0],"4":[0,0],"5":[0,0],"6":[0,0],"7":[0,0],"8":[0,0],"9":[0,0],"10":[0,0],"11":[0,0]}}
,"/Users/tanisha/WelcomeApp/src/screens/WelcomeScreen.js": {"path":"/Users/tanisha/WelcomeApp/src/screens/WelcomeScreen.js","statementMap":{"0":{"start":{"line":8,"column":22},"end":{"line":48,"column":1}},"1":{"start":{"line":9,"column":2},"end":{"line":47,"column":4}},"2":{"start":{"line":31,"column":25},"end":{"line":31,"column":56}},"3":{"start":{"line":42,"column":25},"end":{"line":42,"column":53}},"4":{"start":{"line":50,"column":15},"end":{"line":103,"column":2}}},"fnMap":{"0":{"name":"(anonymous_0)","decl":{"start":{"line":8,"column":22},"end":{"line":8,"column":23}},"loc":{"start":{"line":8,"column":42},"end":{"line":48,"column":1}},"line":8},"1":{"name":"(anonymous_1)","decl":{"start":{"line":31,"column":19},"end":{"line":31,"column":20}},"loc":{"start":{"line":31,"column":25},"end":{"line":31,"column":56}},"line":31},"2":{"name":"(anonymous_2)","decl":{"start":{"line":42,"column":19},"end":{"line":42,"column":20}},"loc":{"start":{"line":42,"column":25},"end":{"line":42,"column":53}},"line":42}},"branchMap":{},"s":{"0":0,"1":0,"2":0,"3":0,"4":0},"f":{"0":0,"1":0,"2":0},"b":{}}
,"/Users/tanisha/WelcomeApp/src/services/auth.js": {"path":"/Users/tanisha/WelcomeApp/src/services/auth.js","statementMap":{"0":{"start":{"line":13,"column":33},"end":{"line":24,"column":1}},"1":{"start":{"line":14,"column":2},"end":{"line":23,"column":3}},"2":{"start":{"line":15,"column":27},"end":{"line":15,"column":86}},"3":{"start":{"line":16,"column":4},"end":{"line":16,"column":56}},"4":{"start":{"line":18,"column":4},"end":{"line":22,"column":6}},"5":{"start":{"line":27,"column":30},"end":{"line":38,"column":1}},"6":{"start":{"line":28,"column":2},"end":{"line":37,"column":3}},"7":{"start":{"line":29,"column":27},"end":{"line":29,"column":82}},"8":{"start":{"line":30,"column":4},"end":{"line":30,"column":56}},"9":{"start":{"line":32,"column":4},"end":{"line":36,"column":6}},"10":{"start":{"line":41,"column":30},"end":{"line":52,"column":1}},"11":{"start":{"line":42,"column":2},"end":{"line":51,"column":3}},"12":{"start":{"line":43,"column":19},"end":{"line":43,"column":62}},"13":{"start":{"line":44,"column":4},"end":{"line":44,"column":48}},"14":{"start":{"line":46,"column":4},"end":{"line":50,"column":6}},"15":{"start":{"line":55,"column":22},"end":{"line":66,"column":1}},"16":{"start":{"line":56,"column":2},"end":{"line":65,"column":3}},"17":{"start":{"line":57,"column":4},"end":{"line":57,"column":24}},"18":{"start":{"line":58,"column":4},"end":{"line":58,"column":29}},"19":{"start":{"line":60,"column":4},"end":{"line":64,"column":6}},"20":{"start":{"line":69,"column":29},"end":{"line":109,"column":1}},"21":{"start":{"line":70,"column":2},"end":{"line":108,"column":3}},"22":{"start":{"line":71,"column":4},"end":{"line":71,"column":80}},"23":{"start":{"line":74,"column":4},"end":{"line":83,"column":5}},"24":{"start":{"line":75,"column":6},"end":{"line":75,"column":62}},"25":{"start":{"line":76,"column":6},"end":{"line":82,"column":8}},"26":{"start":{"line":85,"column":4},"end":{"line":85,"column":46}},"27":{"start":{"line":86,"column":4},"end":{"line":86,"column":79}},"28":{"start":{"line":88,"column":4},"end":{"line":91,"column":6}},"29":{"start":{"line":93,"column":4},"end":{"line":97,"column":7}},"30":{"start":{"line":100,"column":4},"end":{"line":107,"column":6}},"31":{"start":{"line":112,"column":33},"end":{"line":114,"column":1}},"32":{"start":{"line":113,"column":2},"end":{"line":113,"column":44}}},"fnMap":{"0":{"name":"(anonymous_0)","decl":{"start":{"line":13,"column":33},"end":{"line":13,"column":34}},"loc":{"start":{"line":13,"column":60},"end":{"line":24,"column":1}},"line":13},"1":{"name":"(anonymous_1)","decl":{"start":{"line":27,"column":30},"end":{"line":27,"column":31}},"loc":{"start":{"line":27,"column":57},"end":{"line":38,"column":1}},"line":27},"2":{"name":"(anonymous_2)","decl":{"start":{"line":41,"column":30},"end":{"line":41,"column":31}},"loc":{"start":{"line":41,"column":42},"end":{"line":52,"column":1}},"line":41},"3":{"name":"(anonymous_3)","decl":{"start":{"line":55,"column":22},"end":{"line":55,"column":23}},"loc":{"start":{"line":55,"column":34},"end":{"line":66,"column":1}},"line":55},"4":{"name":"(anonymous_4)","decl":{"start":{"line":69,"column":29},"end":{"line":69,"column":30}},"loc":{"start":{"line":69,"column":46},"end":{"line":109,"column":1}},"line":69},"5":{"name":"(anonymous_5)","decl":{"start":{"line":112,"column":33},"end":{"line":112,"column":34}},"loc":{"start":{"line":112,"column":47},"end":{"line":114,"column":1}},"line":112}},"branchMap":{"0":{"loc":{"start":{"line":74,"column":4},"end":{"line":83,"column":5}},"type":"if","locations":[{"start":{"line":74,"column":4},"end":{"line":83,"column":5}},{"start":{},"end":{}}],"line":74},"1":{"loc":{"start":{"line":74,"column":8},"end":{"line":74,"column":45}},"type":"binary-expr","locations":[{"start":{"line":74,"column":8},"end":{"line":74,"column":14}},{"start":{"line":74,"column":18},"end":{"line":74,"column":45}}],"line":74}},"s":{"0":0,"1":0,"2":0,"3":0,"4":0,"5":0,"6":0,"7":0,"8":0,"9":0,"10":0,"11":0,"12":0,"13":0,"14":0,"15":0,"16":0,"17":0,"18":0,"19":0,"20":0,"21":0,"22":0,"23":0,"24":0,"25":0,"26":0,"27":0,"28":0,"29":0,"30":0,"31":0,"32":0},"f":{"0":0,"1":0,"2":0,"3":0,"4":0,"5":0},"b":{"0":[0,0],"1":[0,0]}}
,"/Users/tanisha/WelcomeApp/src/theme/colors.js": {"path":"/Users/tanisha/WelcomeApp/src/theme/colors.js","statementMap":{"0":{"start":{"line":8,"column":22},"end":{"line":118,"column":1}},"1":{"start":{"line":121,"column":28},"end":{"line":138,"column":1}}},"fnMap":{},"branchMap":{},"s":{"0":1,"1":1},"f":{},"b":{},"_coverageSchema":"1a1c01bbd47fc00a2c39e90264f33305004495a9","hash":"ccf2a973cd7e52142e6a0f5f1a93e383a5b22bf3"}
,"/Users/tanisha/WelcomeApp/src/utils/errorMessages.js": {"path":"/Users/tanisha/WelcomeApp/src/utils/errorMessages.js","statementMap":{"0":{"start":{"line":3,"column":35},"end":{"line":68,"column":1}},"1":{"start":{"line":5,"column":15},"end":{"line":5,"column":45}},"2":{"start":{"line":7,"column":2},"end":{"line":67,"column":3}},"3":{"start":{"line":10,"column":6},"end":{"line":10,"column":116}},"4":{"start":{"line":13,"column":6},"end":{"line":13,"column":98}},"5":{"start":{"line":16,"column":6},"end":{"line":16,"column":90}},"6":{"start":{"line":19,"column":6},"end":{"line":19,"column":86}},"7":{"start":{"line":23,"column":6},"end":{"line":23,"column":107}},"8":{"start":{"line":26,"column":6},"end":{"line":26,"column":105}},"9":{"start":{"line":29,"column":6},"end":{"line":29,"column":85}},"10":{"start":{"line":33,"column":6},"end":{"line":33,"column":51}},"11":{"start":{"line":36,"column":6},"end":{"line":38,"column":7}},"12":{"start":{"line":37,"column":8},"end":{"line":37,"column":89}},"13":{"start":{"line":39,"column":6},"end":{"line":39,"column":65}},"14":{"start":{"line":43,"column":6},"end":{"line":43,"column":83}},"15":{"start":{"line":46,"column":6},"end":{"line":46,"column":60}},"16":{"start":{"line":49,"column":6},"end":{"line":49,"column":81}},"17":{"start":{"line":52,"column":6},"end":{"line":52,"column":134}},"18":{"start":{"line":55,"column":6},"end":{"line":55,"column":71}},"19":{"start":{"line":58,"column":6},"end":{"line":58,"column":81}},"20":{"start":{"line":61,"column":6},"end":{"line":61,"column":72}},"21":{"start":{"line":65,"column":6},"end":{"line":65,"column":64}},"22":{"start":{"line":66,"column":6},"end":{"line":66,"column":106}},"23":{"start":{"line":71,"column":32},"end":{"line":89,"column":1}},"24":{"start":{"line":72,"column":2},"end":{"line":74,"column":3}},"25":{"start":{"line":73,"column":4},"end":{"line":73,"column":17}},"26":{"start":{"line":76,"column":2},"end":{"line":78,"column":3}},"27":{"start":{"line":77,"column":4},"end":{"line":77,"column":22}},"28":{"start":{"line":80,"column":2},"end":{"line":86,"column":3}},"29":{"start":{"line":82,"column":18},"end":{"line":82,"column":54}},"30":{"start":{"line":83,"column":4},"end":{"line":85,"column":5}},"31":{"start":{"line":84,"column":6},"end":{"line":84,"column":22}},"32":{"start":{"line":88,"column":2},"end":{"line":88,"column":25}},"33":{"start":{"line":92,"column":36},"end":{"line":95,"column":1}},"34":{"start":{"line":93,"column":20},"end":{"line":93,"column":43}},"35":{"start":{"line":94,"column":2},"end":{"line":94,"column":49}}},"fnMap":{"0":{"name":"(anonymous_0)","decl":{"start":{"line":3,"column":35},"end":{"line":3,"column":36}},"loc":{"start":{"line":3,"column":71},"end":{"line":68,"column":1}},"line":3},"1":{"name":"(anonymous_1)","decl":{"start":{"line":71,"column":32},"end":{"line":71,"column":33}},"loc":{"start":{"line":71,"column":43},"end":{"line":89,"column":1}},"line":71},"2":{"name":"(anonymous_2)","decl":{"start":{"line":92,"column":36},"end":{"line":92,"column":37}},"loc":{"start":{"line":92,"column":68},"end":{"line":95,"column":1}},"line":92}},"branchMap":{"0":{"loc":{"start":{"line":3,"column":47},"end":{"line":3,"column":66}},"type":"default-arg","locations":[{"start":{"line":3,"column":57},"end":{"line":3,"column":66}}],"line":3},"1":{"loc":{"start":{"line":7,"column":2},"end":{"line":67,"column":3}},"type":"switch","locations":[{"start":{"line":9,"column":4},"end":{"line":10,"column":116}},{"start":{"line":12,"column":4},"end":{"line":13,"column":98}},{"start":{"line":15,"column":4},"end":{"line":16,"column":90}},{"start":{"line":18,"column":4},"end":{"line":19,"column":86}},{"start":{"line":22,"column":4},"end":{"line":23,"column":107}},{"start":{"line":25,"column":4},"end":{"line":26,"column":105}},{"start":{"line":28,"column":4},"end":{"line":29,"column":85}},{"start":{"line":32,"column":4},"end":{"line":33,"column":51}},{"start":{"line":35,"column":4},"end":{"line":39,"column":65}},{"start":{"line":42,"column":4},"end":{"line":43,"column":83}},{"start":{"line":45,"column":4},"end":{"line":46,"column":60}},{"start":{"line":48,"column":4},"end":{"line":49,"column":81}},{"start":{"line":51,"column":4},"end":{"line":52,"column":134}},{"start":{"line":54,"column":4},"end":{"line":55,"column":71}},{"start":{"line":57,"column":4},"end":{"line":58,"column":81}},{"start":{"line":60,"column":4},"end":{"line":61,"column":72}},{"start":{"line":64,"column":4},"end":{"line":66,"column":106}}],"line":7},"2":{"loc":{"start":{"line":36,"column":6},"end":{"line":38,"column":7}},"type":"if","locations":[{"start":{"line":36,"column":6},"end":{"line":38,"column":7}},{"start":{},"end":{}}],"line":36},"3":{"loc":{"start":{"line":72,"column":2},"end":{"line":74,"column":3}},"type":"if","locations":[{"start":{"line":72,"column":2},"end":{"line":74,"column":3}},{"start":{},"end":{}}],"line":72},"4":{"loc":{"start":{"line":76,"column":2},"end":{"line":78,"column":3}},"type":"if","locations":[{"start":{"line":76,"column":2},"end":{"line":78,"column":3}},{"start":{},"end":{}}],"line":76},"5":{"loc":{"start":{"line":76,"column":6},"end":{"line":76,"column":25}},"type":"binary-expr","locations":[{"start":{"line":76,"column":6},"end":{"line":76,"column":11}},{"start":{"line":76,"column":15},"end":{"line":76,"column":25}}],"line":76},"6":{"loc":{"start":{"line":80,"column":2},"end":{"line":86,"column":3}},"type":"if","locations":[{"start":{"line":80,"column":2},"end":{"line":86,"column":3}},{"start":{},"end":{}}],"line":80},"7":{"loc":{"start":{"line":80,"column":6},"end":{"line":80,"column":28}},"type":"binary-expr","locations":[{"start":{"line":80,"column":6},"end":{"line":80,"column":11}},{"start":{"line":80,"column":15},"end":{"line":80,"column":28}}],"line":80},"8":{"loc":{"start":{"line":83,"column":4},"end":{"line":85,"column":5}},"type":"if","locations":[{"start":{"line":83,"column":4},"end":{"line":85,"column":5}},{"start":{},"end":{}}],"line":83},"9":{"loc":{"start":{"line":92,"column":44},"end":{"line":92,"column":63}},"type":"default-arg","locations":[{"start":{"line":92,"column":54},"end":{"line":92,"column":63}}],"line":92}},"s":{"0":0,"1":0,"2":0,"3":0,"4":0,"5":0,"6":0,"7":0,"8":0,"9":0,"10":0,"11":0,"12":0,"13":0,"14":0,"15":0,"16":0,"17":0,"18":0,"19":0,"20":0,"21":0,"22":0,"23":0,"24":0,"25":0,"26":0,"27":0,"28":0,"29":0,"30":0,"31":0,"32":0,"33":0,"34":0,"35":0},"f":{"0":0,"1":0,"2":0},"b":{"0":[0],"1":[0,0,0,0,0,0,0,0,0,0,0,0,0,0,0,0,0],"2":[0,0],"3":[0,0],"4":[0,0],"5":[0,0],"6":[0,0],"7":[0,0],"8":[0,0],"9":[0]}}
}
